1737295446037|11|statement|connection 0|url jdbc:p6spy:postgresql://localhost:5432/postgres|select * from information_schema.sequences|select * from information_schema.sequences
1737295446089|1|statement|connection 0|url jdbc:p6spy:postgresql://localhost:5432/postgres|select * from "public"."brands" where 1=0|select * from "public"."brands" where 1=0
1737295446106|1|statement|connection 0|url jdbc:p6spy:postgresql://localhost:5432/postgres|select * from "public"."models" where 1=0|select * from "public"."models" where 1=0
1737295446112|1|statement|connection 0|url jdbc:p6spy:postgresql://localhost:5432/postgres|select * from "public"."users" where 1=0|select * from "public"."users" where 1=0
1737295446126|1|statement|connection 0|url jdbc:p6spy:postgresql://localhost:5432/postgres|select * from "public"."roles" where 1=0|select * from "public"."roles" where 1=0
1737295461927|2|statement|connection 0|url jdbc:p6spy:postgresql://localhost:5432/postgres|select u1_0.id,u1_0.is_active,u1_0.created,u1_0.first_name,u1_0.image_url,u1_0.last_name,u1_0.modified,u1_0.password,u1_0.role_id,u1_0.username from users u1_0 where u1_0.username=?|select u1_0.id,u1_0.is_active,u1_0.created,u1_0.first_name,u1_0.image_url,u1_0.last_name,u1_0.modified,u1_0.password,u1_0.role_id,u1_0.username from users u1_0 where u1_0.username='abdul1'
1737295461953|0|statement|connection 0|url jdbc:p6spy:postgresql://localhost:5432/postgres|select r1_0.id,r1_0.name from roles r1_0 where r1_0.id=?|select r1_0.id,r1_0.name from roles r1_0 where r1_0.id=1
1737295464766|5|statement|connection 0|url jdbc:p6spy:postgresql://localhost:5432/postgres|select m1_0.id,m1_0.brand_id,m1_0.category,m1_0.created,m1_0.end_year,m1_0.image_url,m1_0.modified,m1_0.name,m1_0.start_year from offers o1_0 join models m1_0 on m1_0.id=o1_0.model_id group by m1_0.id,m1_0.brand_id,m1_0.category,m1_0.created,m1_0.end_year,m1_0.image_url,m1_0.modified,m1_0.name,m1_0.start_year order by count((m1_0.id,m1_0.brand_id,m1_0.category,m1_0.created,m1_0.end_year,m1_0.image_url,m1_0.modified,m1_0.name,m1_0.start_year)) desc fetch first 1 rows only|select m1_0.id,m1_0.brand_id,m1_0.category,m1_0.created,m1_0.end_year,m1_0.image_url,m1_0.modified,m1_0.name,m1_0.start_year from offers o1_0 join models m1_0 on m1_0.id=o1_0.model_id group by m1_0.id,m1_0.brand_id,m1_0.category,m1_0.created,m1_0.end_year,m1_0.image_url,m1_0.modified,m1_0.name,m1_0.start_year order by count((m1_0.id,m1_0.brand_id,m1_0.category,m1_0.created,m1_0.end_year,m1_0.image_url,m1_0.modified,m1_0.name,m1_0.start_year)) desc fetch first 1 rows only
1737295464767|0|statement|connection 0|url jdbc:p6spy:postgresql://localhost:5432/postgres|select b1_0.id,b1_0.created,b1_0.modified,b1_0.name from brands b1_0 where b1_0.id=?|select b1_0.id,b1_0.created,b1_0.modified,b1_0.name from brands b1_0 where b1_0.id=2
1737295464783|2|statement|connection 0|url jdbc:p6spy:postgresql://localhost:5432/postgres|select o1_0.id,o1_0.image_url,o1_0.price,s1_0.username,m1_0.name,b1_0.name from offers o1_0 join models m1_0 on m1_0.id=o1_0.model_id join brands b1_0 on b1_0.id=m1_0.brand_id join users s1_0 on s1_0.id=o1_0.seller_id where m1_0.id=? order by o1_0.price fetch first 10 rows only|select o1_0.id,o1_0.image_url,o1_0.price,s1_0.username,m1_0.name,b1_0.name from offers o1_0 join models m1_0 on m1_0.id=o1_0.model_id join brands b1_0 on b1_0.id=m1_0.brand_id join users s1_0 on s1_0.id=o1_0.seller_id where m1_0.id=2 order by o1_0.price fetch first 10 rows only
1737299041968|12|statement|connection 20|url jdbc:p6spy:postgresql://localhost:5432/postgres|select u1_0.id,u1_0.is_active,u1_0.created,u1_0.first_name,u1_0.image_url,u1_0.last_name,u1_0.modified,u1_0.password,u1_0.role_id,u1_0.username from users u1_0 where u1_0.username=?|select u1_0.id,u1_0.is_active,u1_0.created,u1_0.first_name,u1_0.image_url,u1_0.last_name,u1_0.modified,u1_0.password,u1_0.role_id,u1_0.username from users u1_0 where u1_0.username='abdul1'
1737299041980|3|statement|connection 20|url jdbc:p6spy:postgresql://localhost:5432/postgres|select r1_0.id,r1_0.name from roles r1_0 where r1_0.id=?|select r1_0.id,r1_0.name from roles r1_0 where r1_0.id=1
1737299042200|4|statement|connection 20|url jdbc:p6spy:postgresql://localhost:5432/postgres|select m1_0.id,m1_0.brand_id,m1_0.category,m1_0.created,m1_0.end_year,m1_0.image_url,m1_0.modified,m1_0.name,m1_0.start_year from offers o1_0 join models m1_0 on m1_0.id=o1_0.model_id group by m1_0.id,m1_0.brand_id,m1_0.category,m1_0.created,m1_0.end_year,m1_0.image_url,m1_0.modified,m1_0.name,m1_0.start_year order by count((m1_0.id,m1_0.brand_id,m1_0.category,m1_0.created,m1_0.end_year,m1_0.image_url,m1_0.modified,m1_0.name,m1_0.start_year)) desc fetch first 1 rows only|select m1_0.id,m1_0.brand_id,m1_0.category,m1_0.created,m1_0.end_year,m1_0.image_url,m1_0.modified,m1_0.name,m1_0.start_year from offers o1_0 join models m1_0 on m1_0.id=o1_0.model_id group by m1_0.id,m1_0.brand_id,m1_0.category,m1_0.created,m1_0.end_year,m1_0.image_url,m1_0.modified,m1_0.name,m1_0.start_year order by count((m1_0.id,m1_0.brand_id,m1_0.category,m1_0.created,m1_0.end_year,m1_0.image_url,m1_0.modified,m1_0.name,m1_0.start_year)) desc fetch first 1 rows only
1737299042204|1|statement|connection 20|url jdbc:p6spy:postgresql://localhost:5432/postgres|select b1_0.id,b1_0.created,b1_0.modified,b1_0.name from brands b1_0 where b1_0.id=?|select b1_0.id,b1_0.created,b1_0.modified,b1_0.name from brands b1_0 where b1_0.id=2
1737299042211|1|statement|connection 20|url jdbc:p6spy:postgresql://localhost:5432/postgres|select o1_0.id,o1_0.image_url,o1_0.price,s1_0.username,m1_0.name,b1_0.name from offers o1_0 join models m1_0 on m1_0.id=o1_0.model_id join brands b1_0 on b1_0.id=m1_0.brand_id join users s1_0 on s1_0.id=o1_0.seller_id where m1_0.id=? order by o1_0.price fetch first 10 rows only|select o1_0.id,o1_0.image_url,o1_0.price,s1_0.username,m1_0.name,b1_0.name from offers o1_0 join models m1_0 on m1_0.id=o1_0.model_id join brands b1_0 on b1_0.id=m1_0.brand_id join users s1_0 on s1_0.id=o1_0.seller_id where m1_0.id=2 order by o1_0.price fetch first 10 rows only
1737299048326|7|statement|connection 20|url jdbc:p6spy:postgresql://localhost:5432/postgres|select o1_0.id,o1_0.created,o1_0.description,o1_0.engine_type,o1_0.image_url,o1_0.mileage,o1_0.model_id,o1_0.modified,o1_0.price,o1_0.seller_id,o1_0.transmission_type,o1_0.year from offers o1_0|select o1_0.id,o1_0.created,o1_0.description,o1_0.engine_type,o1_0.image_url,o1_0.mileage,o1_0.model_id,o1_0.modified,o1_0.price,o1_0.seller_id,o1_0.transmission_type,o1_0.year from offers o1_0
1737299048336|0|statement|connection 20|url jdbc:p6spy:postgresql://localhost:5432/postgres|select m1_0.id,m1_0.brand_id,b1_0.id,b1_0.created,b1_0.modified,b1_0.name,m1_0.category,m1_0.created,m1_0.end_year,m1_0.image_url,m1_0.modified,m1_0.name,m1_0.start_year from models m1_0 join brands b1_0 on b1_0.id=m1_0.brand_id where m1_0.id=?|select m1_0.id,m1_0.brand_id,b1_0.id,b1_0.created,b1_0.modified,b1_0.name,m1_0.category,m1_0.created,m1_0.end_year,m1_0.image_url,m1_0.modified,m1_0.name,m1_0.start_year from models m1_0 join brands b1_0 on b1_0.id=m1_0.brand_id where m1_0.id=1
1737299048339|0|statement|connection 20|url jdbc:p6spy:postgresql://localhost:5432/postgres|select u1_0.id,u1_0.is_active,u1_0.created,u1_0.first_name,u1_0.image_url,u1_0.last_name,u1_0.modified,u1_0.password,u1_0.role_id,r1_0.id,r1_0.name,u1_0.username from users u1_0 join roles r1_0 on r1_0.id=u1_0.role_id where u1_0.id=?|select u1_0.id,u1_0.is_active,u1_0.created,u1_0.first_name,u1_0.image_url,u1_0.last_name,u1_0.modified,u1_0.password,u1_0.role_id,r1_0.id,r1_0.name,u1_0.username from users u1_0 join roles r1_0 on r1_0.id=u1_0.role_id where u1_0.id=8
1737299048341|0|statement|connection 20|url jdbc:p6spy:postgresql://localhost:5432/postgres|select m1_0.id,m1_0.brand_id,b1_0.id,b1_0.created,b1_0.modified,b1_0.name,m1_0.category,m1_0.created,m1_0.end_year,m1_0.image_url,m1_0.modified,m1_0.name,m1_0.start_year from models m1_0 join brands b1_0 on b1_0.id=m1_0.brand_id where m1_0.id=?|select m1_0.id,m1_0.brand_id,b1_0.id,b1_0.created,b1_0.modified,b1_0.name,m1_0.category,m1_0.created,m1_0.end_year,m1_0.image_url,m1_0.modified,m1_0.name,m1_0.start_year from models m1_0 join brands b1_0 on b1_0.id=m1_0.brand_id where m1_0.id=2
1737299048354|3|commit|connection 20|url jdbc:p6spy:postgresql://localhost:5432/postgres||
1737299051509|0|statement|connection 20|url jdbc:p6spy:postgresql://localhost:5432/postgres|select b1_0.name from brands b1_0|select b1_0.name from brands b1_0
1737299055574|0|statement|connection 20|url jdbc:p6spy:postgresql://localhost:5432/postgres|select b2_0.name,m1_0.name,m1_0.category,m1_0.start_year,m1_0.end_year from models m1_0 join brands b2_0 on b2_0.id=m1_0.brand_id join brands b1_0 on m1_0.brand_id=b1_0.id where b1_0.name=?|select b2_0.name,m1_0.name,m1_0.category,m1_0.start_year,m1_0.end_year from models m1_0 join brands b2_0 on b2_0.id=m1_0.brand_id join brands b1_0 on m1_0.brand_id=b1_0.id where b1_0.name='FORD'
1737299058000|1|statement|connection 20|url jdbc:p6spy:postgresql://localhost:5432/postgres|select o1_0.id,o1_0.image_url,o1_0.price,s1_0.username,m1_0.name,b1_0.name from offers o1_0 join models m1_0 on m1_0.id=o1_0.model_id join brands b1_0 on b1_0.id=m1_0.brand_id join users s1_0 on s1_0.id=o1_0.seller_id where (o1_0.engine_type in (?,?,?,?)) and (o1_0.transmission_type in (?,?)) and (m1_0.category in (?,?,?,?)) and (? is null or m1_0.name=?)|select o1_0.id,o1_0.image_url,o1_0.price,s1_0.username,m1_0.name,b1_0.name from offers o1_0 join models m1_0 on m1_0.id=o1_0.model_id join brands b1_0 on b1_0.id=m1_0.brand_id join users s1_0 on s1_0.id=o1_0.seller_id where (o1_0.engine_type in (0,1,2,3)) and (o1_0.transmission_type in (0,1)) and (m1_0.category in (0,1,2,3)) and ('FOCUS' is null or m1_0.name='FOCUS')
1737299061970|2|statement|connection 20|url jdbc:p6spy:postgresql://localhost:5432/postgres|select o1_0.image_url,o1_0.price,s1_0.username,m1_0.name,b2_0.name,o1_0.mileage,o1_0.transmission_type,o1_0.engine_type,o1_0.year,o1_0.description,m1_0.category from offers o1_0 join (models m1_0 join brands b2_0 on b2_0.id=m1_0.brand_id) on m1_0.id=o1_0.model_id join users s1_0 on s1_0.id=o1_0.seller_id join brands b1_0 on m1_0.brand_id=b1_0.id where o1_0.id=?|select o1_0.image_url,o1_0.price,s1_0.username,m1_0.name,b2_0.name,o1_0.mileage,o1_0.transmission_type,o1_0.engine_type,o1_0.year,o1_0.description,m1_0.category from offers o1_0 join (models m1_0 join brands b2_0 on b2_0.id=m1_0.brand_id) on m1_0.id=o1_0.model_id join users s1_0 on s1_0.id=o1_0.seller_id join brands b1_0 on m1_0.brand_id=b1_0.id where o1_0.id=1
1737299106966|13|statement|connection 0|url jdbc:p6spy:postgresql://localhost:5432/postgres|select * from information_schema.sequences|select * from information_schema.sequences
1737299107025|1|statement|connection 0|url jdbc:p6spy:postgresql://localhost:5432/postgres|select * from "public"."brands" where 1=0|select * from "public"."brands" where 1=0
1737299107045|1|statement|connection 0|url jdbc:p6spy:postgresql://localhost:5432/postgres|select * from "public"."models" where 1=0|select * from "public"."models" where 1=0
1737299107050|1|statement|connection 0|url jdbc:p6spy:postgresql://localhost:5432/postgres|select * from "public"."users" where 1=0|select * from "public"."users" where 1=0
1737299107064|1|statement|connection 0|url jdbc:p6spy:postgresql://localhost:5432/postgres|select * from "public"."roles" where 1=0|select * from "public"."roles" where 1=0
1737299125519|1|statement|connection 0|url jdbc:p6spy:postgresql://localhost:5432/postgres|select u1_0.id,u1_0.is_active,u1_0.created,u1_0.first_name,u1_0.image_url,u1_0.last_name,u1_0.modified,u1_0.password,u1_0.role_id,u1_0.username from users u1_0 where u1_0.username=?|select u1_0.id,u1_0.is_active,u1_0.created,u1_0.first_name,u1_0.image_url,u1_0.last_name,u1_0.modified,u1_0.password,u1_0.role_id,u1_0.username from users u1_0 where u1_0.username='abdul1'
1737299125545|0|statement|connection 0|url jdbc:p6spy:postgresql://localhost:5432/postgres|select r1_0.id,r1_0.name from roles r1_0 where r1_0.id=?|select r1_0.id,r1_0.name from roles r1_0 where r1_0.id=1
1737299136622|3|statement|connection 0|url jdbc:p6spy:postgresql://localhost:5432/postgres|select o1_0.id,o1_0.image_url,o1_0.price,s1_0.username,m1_0.name,b1_0.name from offers o1_0 join models m1_0 on m1_0.id=o1_0.model_id join brands b1_0 on b1_0.id=m1_0.brand_id join users s1_0 on s1_0.id=o1_0.seller_id where (o1_0.engine_type in (?,?,?,?)) and (o1_0.transmission_type in (?,?)) and (m1_0.category in (?,?,?,?)) and (? is null or m1_0.name=?)|select o1_0.id,o1_0.image_url,o1_0.price,s1_0.username,m1_0.name,b1_0.name from offers o1_0 join models m1_0 on m1_0.id=o1_0.model_id join brands b1_0 on b1_0.id=m1_0.brand_id join users s1_0 on s1_0.id=o1_0.seller_id where (o1_0.engine_type in (0,1,2,3)) and (o1_0.transmission_type in (0,1)) and (m1_0.category in (0,1,2,3)) and ('FOCUS' is null or m1_0.name='FOCUS')
1737299327852|2|statement|connection 0|url jdbc:p6spy:postgresql://localhost:5432/postgres|select b1_0.id,b1_0.created,b1_0.modified,b1_0.name from brands b1_0|select b1_0.id,b1_0.created,b1_0.modified,b1_0.name from brands b1_0
1737299327855|0|commit|connection 0|url jdbc:p6spy:postgresql://localhost:5432/postgres||
1737299331143|1|statement|connection 0|url jdbc:p6spy:postgresql://localhost:5432/postgres|select b2_0.name,m1_0.name,m1_0.category,m1_0.start_year,m1_0.end_year from models m1_0 join brands b2_0 on b2_0.id=m1_0.brand_id join brands b1_0 on m1_0.brand_id=b1_0.id where b1_0.name=?|select b2_0.name,m1_0.name,m1_0.category,m1_0.start_year,m1_0.end_year from models m1_0 join brands b2_0 on b2_0.id=m1_0.brand_id join brands b1_0 on m1_0.brand_id=b1_0.id where b1_0.name='Gelly'
1737299356728|0|statement|connection 0|url jdbc:p6spy:postgresql://localhost:5432/postgres|select b1_0.id,b1_0.created,b1_0.modified,b1_0.name from brands b1_0|select b1_0.id,b1_0.created,b1_0.modified,b1_0.name from brands b1_0
1737299356730|0|commit|connection 0|url jdbc:p6spy:postgresql://localhost:5432/postgres||
1737299559359|0|statement|connection 0|url jdbc:p6spy:postgresql://localhost:5432/postgres|select u1_0.id,u1_0.is_active,u1_0.created,u1_0.first_name,u1_0.image_url,u1_0.last_name,u1_0.modified,u1_0.password,u1_0.role_id,u1_0.username from users u1_0 where u1_0.username=?|select u1_0.id,u1_0.is_active,u1_0.created,u1_0.first_name,u1_0.image_url,u1_0.last_name,u1_0.modified,u1_0.password,u1_0.role_id,u1_0.username from users u1_0 where u1_0.username='abdul1'
1737299559362|0|statement|connection 0|url jdbc:p6spy:postgresql://localhost:5432/postgres|select r1_0.id,r1_0.name from roles r1_0 where r1_0.id=?|select r1_0.id,r1_0.name from roles r1_0 where r1_0.id=1
1737299559369|1|statement|connection 0|url jdbc:p6spy:postgresql://localhost:5432/postgres|select m1_0.id,m1_0.brand_id,m1_0.category,m1_0.created,m1_0.end_year,m1_0.image_url,m1_0.modified,m1_0.name,m1_0.start_year from models m1_0 where m1_0.name is null|select m1_0.id,m1_0.brand_id,m1_0.category,m1_0.created,m1_0.end_year,m1_0.image_url,m1_0.modified,m1_0.name,m1_0.start_year from models m1_0 where m1_0.name is null
1737299559415|23|statement|connection 0|url jdbc:p6spy:postgresql://localhost:5432/postgres|insert into offers (created,description,engine_type,image_url,mileage,model_id,modified,price,seller_id,transmission_type,year) values (?,?,?,?,?,?,?,?,?,?,?)|insert into offers (created,description,engine_type,image_url,mileage,model_id,modified,price,seller_id,transmission_type,year) values ('2025-01-19T18:12:39.382+0300','rewrwer',3,NULL,234234,NULL,'2025-01-19T18:12:39.382+0300',2342,8,0,2332)
1737299559421|0|rollback|connection 0|url jdbc:p6spy:postgresql://localhost:5432/postgres||
1737299565170|0|statement|connection 0|url jdbc:p6spy:postgresql://localhost:5432/postgres|select b1_0.id,b1_0.created,b1_0.modified,b1_0.name from brands b1_0|select b1_0.id,b1_0.created,b1_0.modified,b1_0.name from brands b1_0
1737299565172|0|commit|connection 0|url jdbc:p6spy:postgresql://localhost:5432/postgres||
1737299585582|0|statement|connection 0|url jdbc:p6spy:postgresql://localhost:5432/postgres|select b2_0.name,m1_0.name,m1_0.category,m1_0.start_year,m1_0.end_year from models m1_0 join brands b2_0 on b2_0.id=m1_0.brand_id join brands b1_0 on m1_0.brand_id=b1_0.id where b1_0.name=?|select b2_0.name,m1_0.name,m1_0.category,m1_0.start_year,m1_0.end_year from models m1_0 join brands b2_0 on b2_0.id=m1_0.brand_id join brands b1_0 on m1_0.brand_id=b1_0.id where b1_0.name='BMW'
1737299594737|0|statement|connection 0|url jdbc:p6spy:postgresql://localhost:5432/postgres|select u1_0.id,u1_0.is_active,u1_0.created,u1_0.first_name,u1_0.image_url,u1_0.last_name,u1_0.modified,u1_0.password,u1_0.role_id,u1_0.username from users u1_0 where u1_0.username=?|select u1_0.id,u1_0.is_active,u1_0.created,u1_0.first_name,u1_0.image_url,u1_0.last_name,u1_0.modified,u1_0.password,u1_0.role_id,u1_0.username from users u1_0 where u1_0.username='abdul1'
1737299594739|0|statement|connection 0|url jdbc:p6spy:postgresql://localhost:5432/postgres|select r1_0.id,r1_0.name from roles r1_0 where r1_0.id=?|select r1_0.id,r1_0.name from roles r1_0 where r1_0.id=1
1737299594746|0|statement|connection 0|url jdbc:p6spy:postgresql://localhost:5432/postgres|select m1_0.id,m1_0.brand_id,m1_0.category,m1_0.created,m1_0.end_year,m1_0.image_url,m1_0.modified,m1_0.name,m1_0.start_year from models m1_0 where m1_0.name=?|select m1_0.id,m1_0.brand_id,m1_0.category,m1_0.created,m1_0.end_year,m1_0.image_url,m1_0.modified,m1_0.name,m1_0.start_year from models m1_0 where m1_0.name='X5'
1737299594749|0|statement|connection 0|url jdbc:p6spy:postgresql://localhost:5432/postgres|select b1_0.id,b1_0.created,b1_0.modified,b1_0.name from brands b1_0 where b1_0.id=?|select b1_0.id,b1_0.created,b1_0.modified,b1_0.name from brands b1_0 where b1_0.id=2
1737299594760|8|statement|connection 0|url jdbc:p6spy:postgresql://localhost:5432/postgres|insert into offers (created,description,engine_type,image_url,mileage,model_id,modified,price,seller_id,transmission_type,year) values (?,?,?,?,?,?,?,?,?,?,?)|insert into offers (created,description,engine_type,image_url,mileage,model_id,modified,price,seller_id,transmission_type,year) values ('2025-01-19T18:13:14.750+0300','new new',0,NULL,1233,2,'2025-01-19T18:13:14.750+0300',222222,8,0,2332)
1737299594786|1|commit|connection 0|url jdbc:p6spy:postgresql://localhost:5432/postgres||
1737299594811|0|statement|connection 0|url jdbc:p6spy:postgresql://localhost:5432/postgres|select o1_0.id,o1_0.created,o1_0.description,o1_0.engine_type,o1_0.image_url,o1_0.mileage,o1_0.model_id,o1_0.modified,o1_0.price,o1_0.seller_id,o1_0.transmission_type,o1_0.year from offers o1_0|select o1_0.id,o1_0.created,o1_0.description,o1_0.engine_type,o1_0.image_url,o1_0.mileage,o1_0.model_id,o1_0.modified,o1_0.price,o1_0.seller_id,o1_0.transmission_type,o1_0.year from offers o1_0
1737299594815|0|statement|connection 0|url jdbc:p6spy:postgresql://localhost:5432/postgres|select m1_0.id,m1_0.brand_id,b1_0.id,b1_0.created,b1_0.modified,b1_0.name,m1_0.category,m1_0.created,m1_0.end_year,m1_0.image_url,m1_0.modified,m1_0.name,m1_0.start_year from models m1_0 join brands b1_0 on b1_0.id=m1_0.brand_id where m1_0.id=?|select m1_0.id,m1_0.brand_id,b1_0.id,b1_0.created,b1_0.modified,b1_0.name,m1_0.category,m1_0.created,m1_0.end_year,m1_0.image_url,m1_0.modified,m1_0.name,m1_0.start_year from models m1_0 join brands b1_0 on b1_0.id=m1_0.brand_id where m1_0.id=1
1737299594819|1|statement|connection 0|url jdbc:p6spy:postgresql://localhost:5432/postgres|select u1_0.id,u1_0.is_active,u1_0.created,u1_0.first_name,u1_0.image_url,u1_0.last_name,u1_0.modified,u1_0.password,u1_0.role_id,r1_0.id,r1_0.name,u1_0.username from users u1_0 join roles r1_0 on r1_0.id=u1_0.role_id where u1_0.id=?|select u1_0.id,u1_0.is_active,u1_0.created,u1_0.first_name,u1_0.image_url,u1_0.last_name,u1_0.modified,u1_0.password,u1_0.role_id,r1_0.id,r1_0.name,u1_0.username from users u1_0 join roles r1_0 on r1_0.id=u1_0.role_id where u1_0.id=8
1737299594822|0|statement|connection 0|url jdbc:p6spy:postgresql://localhost:5432/postgres|select m1_0.id,m1_0.brand_id,b1_0.id,b1_0.created,b1_0.modified,b1_0.name,m1_0.category,m1_0.created,m1_0.end_year,m1_0.image_url,m1_0.modified,m1_0.name,m1_0.start_year from models m1_0 join brands b1_0 on b1_0.id=m1_0.brand_id where m1_0.id=?|select m1_0.id,m1_0.brand_id,b1_0.id,b1_0.created,b1_0.modified,b1_0.name,m1_0.category,m1_0.created,m1_0.end_year,m1_0.image_url,m1_0.modified,m1_0.name,m1_0.start_year from models m1_0 join brands b1_0 on b1_0.id=m1_0.brand_id where m1_0.id=2
1737299594824|0|commit|connection 0|url jdbc:p6spy:postgresql://localhost:5432/postgres||
1737317416921|30|statement|connection 0|url jdbc:p6spy:postgresql://localhost:5432/postgres|select * from information_schema.sequences|select * from information_schema.sequences
1737317417117|5|statement|connection 0|url jdbc:p6spy:postgresql://localhost:5432/postgres|select * from "public"."brands" where 1=0|select * from "public"."brands" where 1=0
1737317417144|2|statement|connection 0|url jdbc:p6spy:postgresql://localhost:5432/postgres|select * from "public"."models" where 1=0|select * from "public"."models" where 1=0
1737317417152|2|statement|connection 0|url jdbc:p6spy:postgresql://localhost:5432/postgres|select * from "public"."users" where 1=0|select * from "public"."users" where 1=0
1737317417168|2|statement|connection 0|url jdbc:p6spy:postgresql://localhost:5432/postgres|select * from "public"."roles" where 1=0|select * from "public"."roles" where 1=0
1737317678153|12|statement|connection 0|url jdbc:p6spy:postgresql://localhost:5432/postgres|select * from information_schema.sequences|select * from information_schema.sequences
1737317678218|2|statement|connection 0|url jdbc:p6spy:postgresql://localhost:5432/postgres|select * from "public"."brands" where 1=0|select * from "public"."brands" where 1=0
1737317678237|1|statement|connection 0|url jdbc:p6spy:postgresql://localhost:5432/postgres|select * from "public"."models" where 1=0|select * from "public"."models" where 1=0
1737317678244|2|statement|connection 0|url jdbc:p6spy:postgresql://localhost:5432/postgres|select * from "public"."users" where 1=0|select * from "public"."users" where 1=0
1737317678262|1|statement|connection 0|url jdbc:p6spy:postgresql://localhost:5432/postgres|select * from "public"."roles" where 1=0|select * from "public"."roles" where 1=0
1737317829822|11|statement|connection 0|url jdbc:p6spy:postgresql://localhost:5432/postgres|select * from information_schema.sequences|select * from information_schema.sequences
1737317829884|2|statement|connection 0|url jdbc:p6spy:postgresql://localhost:5432/postgres|select * from "public"."brands" where 1=0|select * from "public"."brands" where 1=0
1737317829905|1|statement|connection 0|url jdbc:p6spy:postgresql://localhost:5432/postgres|select * from "public"."models" where 1=0|select * from "public"."models" where 1=0
1737317829912|1|statement|connection 0|url jdbc:p6spy:postgresql://localhost:5432/postgres|select * from "public"."users" where 1=0|select * from "public"."users" where 1=0
1737317829929|1|statement|connection 0|url jdbc:p6spy:postgresql://localhost:5432/postgres|select * from "public"."roles" where 1=0|select * from "public"."roles" where 1=0
1737318000428|12|statement|connection 0|url jdbc:p6spy:postgresql://localhost:5432/postgres|select * from information_schema.sequences|select * from information_schema.sequences
1737318000503|2|statement|connection 0|url jdbc:p6spy:postgresql://localhost:5432/postgres|select * from "public"."brands" where 1=0|select * from "public"."brands" where 1=0
1737318000525|2|statement|connection 0|url jdbc:p6spy:postgresql://localhost:5432/postgres|select * from "public"."models" where 1=0|select * from "public"."models" where 1=0
1737318000533|2|statement|connection 0|url jdbc:p6spy:postgresql://localhost:5432/postgres|select * from "public"."users" where 1=0|select * from "public"."users" where 1=0
1737318000554|1|statement|connection 0|url jdbc:p6spy:postgresql://localhost:5432/postgres|select * from "public"."roles" where 1=0|select * from "public"."roles" where 1=0
1737318478538|11|statement|connection 0|url jdbc:p6spy:postgresql://localhost:5432/postgres|select * from information_schema.sequences|select * from information_schema.sequences
1737318478602|2|statement|connection 0|url jdbc:p6spy:postgresql://localhost:5432/postgres|select * from "public"."brands" where 1=0|select * from "public"."brands" where 1=0
1737318478624|1|statement|connection 0|url jdbc:p6spy:postgresql://localhost:5432/postgres|select * from "public"."models" where 1=0|select * from "public"."models" where 1=0
1737318478631|1|statement|connection 0|url jdbc:p6spy:postgresql://localhost:5432/postgres|select * from "public"."users" where 1=0|select * from "public"."users" where 1=0
1737318478648|1|statement|connection 0|url jdbc:p6spy:postgresql://localhost:5432/postgres|select * from "public"."roles" where 1=0|select * from "public"."roles" where 1=0
1737318527766|3|statement|connection 0|url jdbc:p6spy:postgresql://localhost:5432/postgres|select u1_0.id,u1_0.is_active,u1_0.created,u1_0.first_name,u1_0.image_url,u1_0.last_name,u1_0.modified,u1_0.password,u1_0.role_id,u1_0.username from users u1_0 where u1_0.username=?|select u1_0.id,u1_0.is_active,u1_0.created,u1_0.first_name,u1_0.image_url,u1_0.last_name,u1_0.modified,u1_0.password,u1_0.role_id,u1_0.username from users u1_0 where u1_0.username='abdul1'
1737318527807|1|statement|connection 0|url jdbc:p6spy:postgresql://localhost:5432/postgres|select r1_0.id,r1_0.name from roles r1_0 where r1_0.id=?|select r1_0.id,r1_0.name from roles r1_0 where r1_0.id=1
1737318530556|4|statement|connection 0|url jdbc:p6spy:postgresql://localhost:5432/postgres|select o1_0.id,o1_0.created,o1_0.description,o1_0.engine_type,o1_0.image_url,o1_0.mileage,o1_0.model_id,o1_0.modified,o1_0.price,o1_0.seller_id,o1_0.transmission_type,o1_0.year from offers o1_0|select o1_0.id,o1_0.created,o1_0.description,o1_0.engine_type,o1_0.image_url,o1_0.mileage,o1_0.model_id,o1_0.modified,o1_0.price,o1_0.seller_id,o1_0.transmission_type,o1_0.year from offers o1_0
1737318530561|1|statement|connection 0|url jdbc:p6spy:postgresql://localhost:5432/postgres|select m1_0.id,m1_0.brand_id,b1_0.id,b1_0.created,b1_0.modified,b1_0.name,m1_0.category,m1_0.created,m1_0.end_year,m1_0.image_url,m1_0.modified,m1_0.name,m1_0.start_year from models m1_0 join brands b1_0 on b1_0.id=m1_0.brand_id where m1_0.id=?|select m1_0.id,m1_0.brand_id,b1_0.id,b1_0.created,b1_0.modified,b1_0.name,m1_0.category,m1_0.created,m1_0.end_year,m1_0.image_url,m1_0.modified,m1_0.name,m1_0.start_year from models m1_0 join brands b1_0 on b1_0.id=m1_0.brand_id where m1_0.id=1
1737318530564|0|statement|connection 0|url jdbc:p6spy:postgresql://localhost:5432/postgres|select u1_0.id,u1_0.is_active,u1_0.created,u1_0.first_name,u1_0.image_url,u1_0.last_name,u1_0.modified,u1_0.password,u1_0.role_id,r1_0.id,r1_0.name,u1_0.username from users u1_0 join roles r1_0 on r1_0.id=u1_0.role_id where u1_0.id=?|select u1_0.id,u1_0.is_active,u1_0.created,u1_0.first_name,u1_0.image_url,u1_0.last_name,u1_0.modified,u1_0.password,u1_0.role_id,r1_0.id,r1_0.name,u1_0.username from users u1_0 join roles r1_0 on r1_0.id=u1_0.role_id where u1_0.id=8
1737318530567|1|statement|connection 0|url jdbc:p6spy:postgresql://localhost:5432/postgres|select m1_0.id,m1_0.brand_id,b1_0.id,b1_0.created,b1_0.modified,b1_0.name,m1_0.category,m1_0.created,m1_0.end_year,m1_0.image_url,m1_0.modified,m1_0.name,m1_0.start_year from models m1_0 join brands b1_0 on b1_0.id=m1_0.brand_id where m1_0.id=?|select m1_0.id,m1_0.brand_id,b1_0.id,b1_0.created,b1_0.modified,b1_0.name,m1_0.category,m1_0.created,m1_0.end_year,m1_0.image_url,m1_0.modified,m1_0.name,m1_0.start_year from models m1_0 join brands b1_0 on b1_0.id=m1_0.brand_id where m1_0.id=2
1737318530572|2|commit|connection 0|url jdbc:p6spy:postgresql://localhost:5432/postgres||
1737318851228|11|statement|connection 0|url jdbc:p6spy:postgresql://localhost:5432/postgres|select * from information_schema.sequences|select * from information_schema.sequences
1737318851292|2|statement|connection 0|url jdbc:p6spy:postgresql://localhost:5432/postgres|select * from "public"."brands" where 1=0|select * from "public"."brands" where 1=0
1737318851311|1|statement|connection 0|url jdbc:p6spy:postgresql://localhost:5432/postgres|select * from "public"."models" where 1=0|select * from "public"."models" where 1=0
1737318851319|2|statement|connection 0|url jdbc:p6spy:postgresql://localhost:5432/postgres|select * from "public"."users" where 1=0|select * from "public"."users" where 1=0
1737318851336|1|statement|connection 0|url jdbc:p6spy:postgresql://localhost:5432/postgres|select * from "public"."roles" where 1=0|select * from "public"."roles" where 1=0
1737319182754|12|statement|connection 0|url jdbc:p6spy:postgresql://localhost:5432/postgres|select * from information_schema.sequences|select * from information_schema.sequences
1737319182819|2|statement|connection 0|url jdbc:p6spy:postgresql://localhost:5432/postgres|select * from "public"."brands" where 1=0|select * from "public"."brands" where 1=0
1737319182839|1|statement|connection 0|url jdbc:p6spy:postgresql://localhost:5432/postgres|select * from "public"."models" where 1=0|select * from "public"."models" where 1=0
1737319182846|2|statement|connection 0|url jdbc:p6spy:postgresql://localhost:5432/postgres|select * from "public"."users" where 1=0|select * from "public"."users" where 1=0
1737319182863|1|statement|connection 0|url jdbc:p6spy:postgresql://localhost:5432/postgres|select * from "public"."roles" where 1=0|select * from "public"."roles" where 1=0
1737319310806|11|statement|connection 0|url jdbc:p6spy:postgresql://localhost:5432/postgres|select * from information_schema.sequences|select * from information_schema.sequences
1737319310869|2|statement|connection 0|url jdbc:p6spy:postgresql://localhost:5432/postgres|select * from "public"."brands" where 1=0|select * from "public"."brands" where 1=0
1737319310889|1|statement|connection 0|url jdbc:p6spy:postgresql://localhost:5432/postgres|select * from "public"."models" where 1=0|select * from "public"."models" where 1=0
1737319310896|1|statement|connection 0|url jdbc:p6spy:postgresql://localhost:5432/postgres|select * from "public"."users" where 1=0|select * from "public"."users" where 1=0
1737319310913|1|statement|connection 0|url jdbc:p6spy:postgresql://localhost:5432/postgres|select * from "public"."roles" where 1=0|select * from "public"."roles" where 1=0
1737320037919|11|statement|connection 0|url jdbc:p6spy:postgresql://localhost:5432/postgres|select * from information_schema.sequences|select * from information_schema.sequences
1737320037985|2|statement|connection 0|url jdbc:p6spy:postgresql://localhost:5432/postgres|select * from "public"."brands" where 1=0|select * from "public"."brands" where 1=0
1737320038004|1|statement|connection 0|url jdbc:p6spy:postgresql://localhost:5432/postgres|select * from "public"."models" where 1=0|select * from "public"."models" where 1=0
1737320038012|2|statement|connection 0|url jdbc:p6spy:postgresql://localhost:5432/postgres|select * from "public"."users" where 1=0|select * from "public"."users" where 1=0
1737320038029|1|statement|connection 0|url jdbc:p6spy:postgresql://localhost:5432/postgres|select * from "public"."roles" where 1=0|select * from "public"."roles" where 1=0
1737320102073|3|statement|connection 0|url jdbc:p6spy:postgresql://localhost:5432/postgres|select u1_0.id,u1_0.is_active,u1_0.created,u1_0.first_name,u1_0.image_url,u1_0.last_name,u1_0.modified,u1_0.password,u1_0.role_id,u1_0.username from users u1_0 where u1_0.username=?|select u1_0.id,u1_0.is_active,u1_0.created,u1_0.first_name,u1_0.image_url,u1_0.last_name,u1_0.modified,u1_0.password,u1_0.role_id,u1_0.username from users u1_0 where u1_0.username='abdul1'
1737320102118|1|statement|connection 0|url jdbc:p6spy:postgresql://localhost:5432/postgres|select r1_0.id,r1_0.name from roles r1_0 where r1_0.id=?|select r1_0.id,r1_0.name from roles r1_0 where r1_0.id=1
1737320102285|6|statement|connection 0|url jdbc:p6spy:postgresql://localhost:5432/postgres|select b1_0.id,b1_0.created,b1_0.modified,b1_0.name from brands b1_0|select b1_0.id,b1_0.created,b1_0.modified,b1_0.name from brands b1_0
1737320102293|4|commit|connection 0|url jdbc:p6spy:postgresql://localhost:5432/postgres||
1737320103336|1|statement|connection 0|url jdbc:p6spy:postgresql://localhost:5432/postgres|select b2_0.name,m1_0.name,m1_0.category,m1_0.start_year,m1_0.end_year from models m1_0 join brands b2_0 on b2_0.id=m1_0.brand_id join brands b1_0 on m1_0.brand_id=b1_0.id where b1_0.name=?|select b2_0.name,m1_0.name,m1_0.category,m1_0.start_year,m1_0.end_year from models m1_0 join brands b2_0 on b2_0.id=m1_0.brand_id join brands b1_0 on m1_0.brand_id=b1_0.id where b1_0.name='FORD'
1737320107692|0|statement|connection 0|url jdbc:p6spy:postgresql://localhost:5432/postgres|select b1_0.id,b1_0.created,b1_0.modified,b1_0.name from brands b1_0|select b1_0.id,b1_0.created,b1_0.modified,b1_0.name from brands b1_0
1737320107695|0|commit|connection 0|url jdbc:p6spy:postgresql://localhost:5432/postgres||
1737320109074|1|statement|connection 0|url jdbc:p6spy:postgresql://localhost:5432/postgres|select b1_0.name from brands b1_0|select b1_0.name from brands b1_0
1737320130128|7|statement|connection 0|url jdbc:p6spy:postgresql://localhost:5432/postgres|select o1_0.id,o1_0.image_url,o1_0.price,s1_0.username,m1_0.name,b1_0.name from offers o1_0 join models m1_0 on m1_0.id=o1_0.model_id join brands b1_0 on b1_0.id=m1_0.brand_id join users s1_0 on s1_0.id=o1_0.seller_id where (o1_0.engine_type in (?,?,?,?)) and (o1_0.transmission_type in (?,?)) and (m1_0.category in (?,?,?,?)) and (? is null or m1_0.name=?)|select o1_0.id,o1_0.image_url,o1_0.price,s1_0.username,m1_0.name,b1_0.name from offers o1_0 join models m1_0 on m1_0.id=o1_0.model_id join brands b1_0 on b1_0.id=m1_0.brand_id join users s1_0 on s1_0.id=o1_0.seller_id where (o1_0.engine_type in (0,1,2,3)) and (o1_0.transmission_type in (0,1)) and (m1_0.category in (0,1,2,3)) and ('FOCUS' is null or m1_0.name='FOCUS')
1737320134312|2|statement|connection 0|url jdbc:p6spy:postgresql://localhost:5432/postgres|select b2_0.name,m1_0.name,m1_0.category,m1_0.start_year,m1_0.end_year from models m1_0 join brands b2_0 on b2_0.id=m1_0.brand_id join brands b1_0 on m1_0.brand_id=b1_0.id where b1_0.name=?|select b2_0.name,m1_0.name,m1_0.category,m1_0.start_year,m1_0.end_year from models m1_0 join brands b2_0 on b2_0.id=m1_0.brand_id join brands b1_0 on m1_0.brand_id=b1_0.id where b1_0.name='BMW'
1737320135580|2|statement|connection 0|url jdbc:p6spy:postgresql://localhost:5432/postgres|select o1_0.id,o1_0.image_url,o1_0.price,s1_0.username,m1_0.name,b1_0.name from offers o1_0 join models m1_0 on m1_0.id=o1_0.model_id join brands b1_0 on b1_0.id=m1_0.brand_id join users s1_0 on s1_0.id=o1_0.seller_id where (o1_0.engine_type in (?,?,?,?)) and (o1_0.transmission_type in (?,?)) and (m1_0.category in (?,?,?,?)) and (? is null or m1_0.name=?)|select o1_0.id,o1_0.image_url,o1_0.price,s1_0.username,m1_0.name,b1_0.name from offers o1_0 join models m1_0 on m1_0.id=o1_0.model_id join brands b1_0 on b1_0.id=m1_0.brand_id join users s1_0 on s1_0.id=o1_0.seller_id where (o1_0.engine_type in (0,1,2,3)) and (o1_0.transmission_type in (0,1)) and (m1_0.category in (0,1,2,3)) and ('X5' is null or m1_0.name='X5')
1737320139878|1|statement|connection 0|url jdbc:p6spy:postgresql://localhost:5432/postgres|select b1_0.id,b1_0.created,b1_0.modified,b1_0.name from brands b1_0|select b1_0.id,b1_0.created,b1_0.modified,b1_0.name from brands b1_0
1737320139884|0|commit|connection 0|url jdbc:p6spy:postgresql://localhost:5432/postgres||
1737320149367|1|statement|connection 0|url jdbc:p6spy:postgresql://localhost:5432/postgres|select o1_0.id,o1_0.created,o1_0.description,o1_0.engine_type,o1_0.image_url,o1_0.mileage,o1_0.model_id,o1_0.modified,o1_0.price,o1_0.seller_id,o1_0.transmission_type,o1_0.year from offers o1_0|select o1_0.id,o1_0.created,o1_0.description,o1_0.engine_type,o1_0.image_url,o1_0.mileage,o1_0.model_id,o1_0.modified,o1_0.price,o1_0.seller_id,o1_0.transmission_type,o1_0.year from offers o1_0
1737320149377|2|statement|connection 0|url jdbc:p6spy:postgresql://localhost:5432/postgres|select m1_0.id,m1_0.brand_id,b1_0.id,b1_0.created,b1_0.modified,b1_0.name,m1_0.category,m1_0.created,m1_0.end_year,m1_0.image_url,m1_0.modified,m1_0.name,m1_0.start_year from models m1_0 join brands b1_0 on b1_0.id=m1_0.brand_id where m1_0.id=?|select m1_0.id,m1_0.brand_id,b1_0.id,b1_0.created,b1_0.modified,b1_0.name,m1_0.category,m1_0.created,m1_0.end_year,m1_0.image_url,m1_0.modified,m1_0.name,m1_0.start_year from models m1_0 join brands b1_0 on b1_0.id=m1_0.brand_id where m1_0.id=1
1737320149385|2|statement|connection 0|url jdbc:p6spy:postgresql://localhost:5432/postgres|select u1_0.id,u1_0.is_active,u1_0.created,u1_0.first_name,u1_0.image_url,u1_0.last_name,u1_0.modified,u1_0.password,u1_0.role_id,r1_0.id,r1_0.name,u1_0.username from users u1_0 join roles r1_0 on r1_0.id=u1_0.role_id where u1_0.id=?|select u1_0.id,u1_0.is_active,u1_0.created,u1_0.first_name,u1_0.image_url,u1_0.last_name,u1_0.modified,u1_0.password,u1_0.role_id,r1_0.id,r1_0.name,u1_0.username from users u1_0 join roles r1_0 on r1_0.id=u1_0.role_id where u1_0.id=8
1737320149392|1|statement|connection 0|url jdbc:p6spy:postgresql://localhost:5432/postgres|select m1_0.id,m1_0.brand_id,b1_0.id,b1_0.created,b1_0.modified,b1_0.name,m1_0.category,m1_0.created,m1_0.end_year,m1_0.image_url,m1_0.modified,m1_0.name,m1_0.start_year from models m1_0 join brands b1_0 on b1_0.id=m1_0.brand_id where m1_0.id=?|select m1_0.id,m1_0.brand_id,b1_0.id,b1_0.created,b1_0.modified,b1_0.name,m1_0.category,m1_0.created,m1_0.end_year,m1_0.image_url,m1_0.modified,m1_0.name,m1_0.start_year from models m1_0 join brands b1_0 on b1_0.id=m1_0.brand_id where m1_0.id=2
1737320149401|0|commit|connection 0|url jdbc:p6spy:postgresql://localhost:5432/postgres||
1737320373439|11|statement|connection 0|url jdbc:p6spy:postgresql://localhost:5432/postgres|select * from information_schema.sequences|select * from information_schema.sequences
1737320373503|1|statement|connection 0|url jdbc:p6spy:postgresql://localhost:5432/postgres|select * from "public"."brands" where 1=0|select * from "public"."brands" where 1=0
1737320373521|1|statement|connection 0|url jdbc:p6spy:postgresql://localhost:5432/postgres|select * from "public"."models" where 1=0|select * from "public"."models" where 1=0
1737320373529|2|statement|connection 0|url jdbc:p6spy:postgresql://localhost:5432/postgres|select * from "public"."users" where 1=0|select * from "public"."users" where 1=0
1737320373545|1|statement|connection 0|url jdbc:p6spy:postgresql://localhost:5432/postgres|select * from "public"."roles" where 1=0|select * from "public"."roles" where 1=0
1737320393752|2|statement|connection 0|url jdbc:p6spy:postgresql://localhost:5432/postgres|select u1_0.id,u1_0.is_active,u1_0.created,u1_0.first_name,u1_0.image_url,u1_0.last_name,u1_0.modified,u1_0.password,u1_0.role_id,u1_0.username from users u1_0 where u1_0.username=?|select u1_0.id,u1_0.is_active,u1_0.created,u1_0.first_name,u1_0.image_url,u1_0.last_name,u1_0.modified,u1_0.password,u1_0.role_id,u1_0.username from users u1_0 where u1_0.username='abdul1'
1737320393783|0|statement|connection 0|url jdbc:p6spy:postgresql://localhost:5432/postgres|select r1_0.id,r1_0.name from roles r1_0 where r1_0.id=?|select r1_0.id,r1_0.name from roles r1_0 where r1_0.id=1
1737320395835|1|statement|connection 0|url jdbc:p6spy:postgresql://localhost:5432/postgres|select b1_0.id,b1_0.created,b1_0.modified,b1_0.name from brands b1_0|select b1_0.id,b1_0.created,b1_0.modified,b1_0.name from brands b1_0
1737320395838|0|commit|connection 0|url jdbc:p6spy:postgresql://localhost:5432/postgres||
1737320689154|11|statement|connection 0|url jdbc:p6spy:postgresql://localhost:5432/postgres|select * from information_schema.sequences|select * from information_schema.sequences
1737320689215|2|statement|connection 0|url jdbc:p6spy:postgresql://localhost:5432/postgres|select * from "public"."brands" where 1=0|select * from "public"."brands" where 1=0
1737320689236|1|statement|connection 0|url jdbc:p6spy:postgresql://localhost:5432/postgres|select * from "public"."models" where 1=0|select * from "public"."models" where 1=0
1737320689243|1|statement|connection 0|url jdbc:p6spy:postgresql://localhost:5432/postgres|select * from "public"."users" where 1=0|select * from "public"."users" where 1=0
1737320689259|1|statement|connection 0|url jdbc:p6spy:postgresql://localhost:5432/postgres|select * from "public"."roles" where 1=0|select * from "public"."roles" where 1=0
1737320716539|1|statement|connection 0|url jdbc:p6spy:postgresql://localhost:5432/postgres|select u1_0.id,u1_0.is_active,u1_0.created,u1_0.first_name,u1_0.image_url,u1_0.last_name,u1_0.modified,u1_0.password,u1_0.role_id,u1_0.username from users u1_0 where u1_0.username=?|select u1_0.id,u1_0.is_active,u1_0.created,u1_0.first_name,u1_0.image_url,u1_0.last_name,u1_0.modified,u1_0.password,u1_0.role_id,u1_0.username from users u1_0 where u1_0.username='abdul1'
1737320716573|0|statement|connection 0|url jdbc:p6spy:postgresql://localhost:5432/postgres|select r1_0.id,r1_0.name from roles r1_0 where r1_0.id=?|select r1_0.id,r1_0.name from roles r1_0 where r1_0.id=1
1737320923970|11|statement|connection 0|url jdbc:p6spy:postgresql://localhost:5432/postgres|select * from information_schema.sequences|select * from information_schema.sequences
1737320924031|2|statement|connection 0|url jdbc:p6spy:postgresql://localhost:5432/postgres|select * from "public"."brands" where 1=0|select * from "public"."brands" where 1=0
1737320924050|1|statement|connection 0|url jdbc:p6spy:postgresql://localhost:5432/postgres|select * from "public"."models" where 1=0|select * from "public"."models" where 1=0
1737320924056|1|statement|connection 0|url jdbc:p6spy:postgresql://localhost:5432/postgres|select * from "public"."users" where 1=0|select * from "public"."users" where 1=0
1737320924072|1|statement|connection 0|url jdbc:p6spy:postgresql://localhost:5432/postgres|select * from "public"."roles" where 1=0|select * from "public"."roles" where 1=0
1737321021442|11|statement|connection 0|url jdbc:p6spy:postgresql://localhost:5432/postgres|select * from information_schema.sequences|select * from information_schema.sequences
1737321021503|2|statement|connection 0|url jdbc:p6spy:postgresql://localhost:5432/postgres|select * from "public"."brands" where 1=0|select * from "public"."brands" where 1=0
1737321021525|1|statement|connection 0|url jdbc:p6spy:postgresql://localhost:5432/postgres|select * from "public"."models" where 1=0|select * from "public"."models" where 1=0
1737321021531|2|statement|connection 0|url jdbc:p6spy:postgresql://localhost:5432/postgres|select * from "public"."users" where 1=0|select * from "public"."users" where 1=0
1737321021548|1|statement|connection 0|url jdbc:p6spy:postgresql://localhost:5432/postgres|select * from "public"."roles" where 1=0|select * from "public"."roles" where 1=0
1737321046435|3|statement|connection 0|url jdbc:p6spy:postgresql://localhost:5432/postgres|select u1_0.id,u1_0.is_active,u1_0.created,u1_0.first_name,u1_0.image_url,u1_0.last_name,u1_0.modified,u1_0.password,u1_0.role_id,u1_0.username from users u1_0 where u1_0.username=?|select u1_0.id,u1_0.is_active,u1_0.created,u1_0.first_name,u1_0.image_url,u1_0.last_name,u1_0.modified,u1_0.password,u1_0.role_id,u1_0.username from users u1_0 where u1_0.username='abdul1'
1737321046520|0|statement|connection 0|url jdbc:p6spy:postgresql://localhost:5432/postgres|select r1_0.id,r1_0.name from roles r1_0 where r1_0.id=?|select r1_0.id,r1_0.name from roles r1_0 where r1_0.id=1
1737321049127|4|statement|connection 0|url jdbc:p6spy:postgresql://localhost:5432/postgres|select o1_0.id,o1_0.created,o1_0.description,o1_0.engine_type,o1_0.image_url,o1_0.mileage,o1_0.model_id,o1_0.modified,o1_0.price,o1_0.seller_id,o1_0.transmission_type,o1_0.year from offers o1_0|select o1_0.id,o1_0.created,o1_0.description,o1_0.engine_type,o1_0.image_url,o1_0.mileage,o1_0.model_id,o1_0.modified,o1_0.price,o1_0.seller_id,o1_0.transmission_type,o1_0.year from offers o1_0
1737321049130|1|statement|connection 0|url jdbc:p6spy:postgresql://localhost:5432/postgres|select m1_0.id,m1_0.brand_id,b1_0.id,b1_0.created,b1_0.modified,b1_0.name,m1_0.category,m1_0.created,m1_0.end_year,m1_0.image_url,m1_0.modified,m1_0.name,m1_0.start_year from models m1_0 join brands b1_0 on b1_0.id=m1_0.brand_id where m1_0.id=?|select m1_0.id,m1_0.brand_id,b1_0.id,b1_0.created,b1_0.modified,b1_0.name,m1_0.category,m1_0.created,m1_0.end_year,m1_0.image_url,m1_0.modified,m1_0.name,m1_0.start_year from models m1_0 join brands b1_0 on b1_0.id=m1_0.brand_id where m1_0.id=1
1737321049134|0|statement|connection 0|url jdbc:p6spy:postgresql://localhost:5432/postgres|select u1_0.id,u1_0.is_active,u1_0.created,u1_0.first_name,u1_0.image_url,u1_0.last_name,u1_0.modified,u1_0.password,u1_0.role_id,r1_0.id,r1_0.name,u1_0.username from users u1_0 join roles r1_0 on r1_0.id=u1_0.role_id where u1_0.id=?|select u1_0.id,u1_0.is_active,u1_0.created,u1_0.first_name,u1_0.image_url,u1_0.last_name,u1_0.modified,u1_0.password,u1_0.role_id,r1_0.id,r1_0.name,u1_0.username from users u1_0 join roles r1_0 on r1_0.id=u1_0.role_id where u1_0.id=8
1737321049137|0|statement|connection 0|url jdbc:p6spy:postgresql://localhost:5432/postgres|select m1_0.id,m1_0.brand_id,b1_0.id,b1_0.created,b1_0.modified,b1_0.name,m1_0.category,m1_0.created,m1_0.end_year,m1_0.image_url,m1_0.modified,m1_0.name,m1_0.start_year from models m1_0 join brands b1_0 on b1_0.id=m1_0.brand_id where m1_0.id=?|select m1_0.id,m1_0.brand_id,b1_0.id,b1_0.created,b1_0.modified,b1_0.name,m1_0.category,m1_0.created,m1_0.end_year,m1_0.image_url,m1_0.modified,m1_0.name,m1_0.start_year from models m1_0 join brands b1_0 on b1_0.id=m1_0.brand_id where m1_0.id=2
1737321049141|0|commit|connection 0|url jdbc:p6spy:postgresql://localhost:5432/postgres||
1737321178386|10|statement|connection 0|url jdbc:p6spy:postgresql://localhost:5432/postgres|select * from information_schema.sequences|select * from information_schema.sequences
1737321178447|2|statement|connection 0|url jdbc:p6spy:postgresql://localhost:5432/postgres|select * from "public"."brands" where 1=0|select * from "public"."brands" where 1=0
1737321178468|1|statement|connection 0|url jdbc:p6spy:postgresql://localhost:5432/postgres|select * from "public"."models" where 1=0|select * from "public"."models" where 1=0
1737321178475|2|statement|connection 0|url jdbc:p6spy:postgresql://localhost:5432/postgres|select * from "public"."users" where 1=0|select * from "public"."users" where 1=0
1737321178492|1|statement|connection 0|url jdbc:p6spy:postgresql://localhost:5432/postgres|select * from "public"."roles" where 1=0|select * from "public"."roles" where 1=0
1737321193889|2|statement|connection 0|url jdbc:p6spy:postgresql://localhost:5432/postgres|select u1_0.id,u1_0.is_active,u1_0.created,u1_0.first_name,u1_0.image_url,u1_0.last_name,u1_0.modified,u1_0.password,u1_0.role_id,u1_0.username from users u1_0 where u1_0.username=?|select u1_0.id,u1_0.is_active,u1_0.created,u1_0.first_name,u1_0.image_url,u1_0.last_name,u1_0.modified,u1_0.password,u1_0.role_id,u1_0.username from users u1_0 where u1_0.username='abdul1'
1737321193921|0|statement|connection 0|url jdbc:p6spy:postgresql://localhost:5432/postgres|select r1_0.id,r1_0.name from roles r1_0 where r1_0.id=?|select r1_0.id,r1_0.name from roles r1_0 where r1_0.id=1
1737321197566|1|statement|connection 0|url jdbc:p6spy:postgresql://localhost:5432/postgres|select b1_0.name from brands b1_0|select b1_0.name from brands b1_0
1737321198676|3|statement|connection 0|url jdbc:p6spy:postgresql://localhost:5432/postgres|select b1_0.id,b1_0.created,b1_0.modified,b1_0.name from brands b1_0|select b1_0.id,b1_0.created,b1_0.modified,b1_0.name from brands b1_0
1737321198679|0|commit|connection 0|url jdbc:p6spy:postgresql://localhost:5432/postgres||
1737321198973|1|statement|connection 0|url jdbc:p6spy:postgresql://localhost:5432/postgres|select b2_0.name,m1_0.name,m1_0.category,m1_0.start_year,m1_0.end_year from models m1_0 join brands b2_0 on b2_0.id=m1_0.brand_id join brands b1_0 on m1_0.brand_id=b1_0.id where b1_0.name=?|select b2_0.name,m1_0.name,m1_0.category,m1_0.start_year,m1_0.end_year from models m1_0 join brands b2_0 on b2_0.id=m1_0.brand_id join brands b1_0 on m1_0.brand_id=b1_0.id where b1_0.name='FORD'
1737321278862|10|statement|connection 0|url jdbc:p6spy:postgresql://localhost:5432/postgres|select * from information_schema.sequences|select * from information_schema.sequences
1737321278931|1|statement|connection 0|url jdbc:p6spy:postgresql://localhost:5432/postgres|select * from "public"."brands" where 1=0|select * from "public"."brands" where 1=0
1737321278954|1|statement|connection 0|url jdbc:p6spy:postgresql://localhost:5432/postgres|select * from "public"."models" where 1=0|select * from "public"."models" where 1=0
1737321278961|2|statement|connection 0|url jdbc:p6spy:postgresql://localhost:5432/postgres|select * from "public"."users" where 1=0|select * from "public"."users" where 1=0
1737321278982|1|statement|connection 0|url jdbc:p6spy:postgresql://localhost:5432/postgres|select * from "public"."roles" where 1=0|select * from "public"."roles" where 1=0
1737321296532|1|statement|connection 0|url jdbc:p6spy:postgresql://localhost:5432/postgres|select u1_0.id,u1_0.is_active,u1_0.created,u1_0.first_name,u1_0.image_url,u1_0.last_name,u1_0.modified,u1_0.password,u1_0.role_id,u1_0.username from users u1_0 where u1_0.username=?|select u1_0.id,u1_0.is_active,u1_0.created,u1_0.first_name,u1_0.image_url,u1_0.last_name,u1_0.modified,u1_0.password,u1_0.role_id,u1_0.username from users u1_0 where u1_0.username='abdul1'
1737321296564|0|statement|connection 0|url jdbc:p6spy:postgresql://localhost:5432/postgres|select r1_0.id,r1_0.name from roles r1_0 where r1_0.id=?|select r1_0.id,r1_0.name from roles r1_0 where r1_0.id=1
1737321301554|1|statement|connection 0|url jdbc:p6spy:postgresql://localhost:5432/postgres|select b1_0.id,b1_0.created,b1_0.modified,b1_0.name from brands b1_0|select b1_0.id,b1_0.created,b1_0.modified,b1_0.name from brands b1_0
1737321301558|1|commit|connection 0|url jdbc:p6spy:postgresql://localhost:5432/postgres||
1737321360223|11|statement|connection 0|url jdbc:p6spy:postgresql://localhost:5432/postgres|select * from information_schema.sequences|select * from information_schema.sequences
1737321360285|2|statement|connection 0|url jdbc:p6spy:postgresql://localhost:5432/postgres|select * from "public"."brands" where 1=0|select * from "public"."brands" where 1=0
1737321360307|1|statement|connection 0|url jdbc:p6spy:postgresql://localhost:5432/postgres|select * from "public"."models" where 1=0|select * from "public"."models" where 1=0
1737321360314|2|statement|connection 0|url jdbc:p6spy:postgresql://localhost:5432/postgres|select * from "public"."users" where 1=0|select * from "public"."users" where 1=0
1737321360330|1|statement|connection 0|url jdbc:p6spy:postgresql://localhost:5432/postgres|select * from "public"."roles" where 1=0|select * from "public"."roles" where 1=0
1737321374360|3|statement|connection 0|url jdbc:p6spy:postgresql://localhost:5432/postgres|select u1_0.id,u1_0.is_active,u1_0.created,u1_0.first_name,u1_0.image_url,u1_0.last_name,u1_0.modified,u1_0.password,u1_0.role_id,u1_0.username from users u1_0 where u1_0.username=?|select u1_0.id,u1_0.is_active,u1_0.created,u1_0.first_name,u1_0.image_url,u1_0.last_name,u1_0.modified,u1_0.password,u1_0.role_id,u1_0.username from users u1_0 where u1_0.username='abdul1'
1737321374408|0|statement|connection 0|url jdbc:p6spy:postgresql://localhost:5432/postgres|select r1_0.id,r1_0.name from roles r1_0 where r1_0.id=?|select r1_0.id,r1_0.name from roles r1_0 where r1_0.id=1
1737321440170|11|statement|connection 0|url jdbc:p6spy:postgresql://localhost:5432/postgres|select * from information_schema.sequences|select * from information_schema.sequences
1737321440233|2|statement|connection 0|url jdbc:p6spy:postgresql://localhost:5432/postgres|select * from "public"."brands" where 1=0|select * from "public"."brands" where 1=0
1737321440254|1|statement|connection 0|url jdbc:p6spy:postgresql://localhost:5432/postgres|select * from "public"."models" where 1=0|select * from "public"."models" where 1=0
1737321440261|1|statement|connection 0|url jdbc:p6spy:postgresql://localhost:5432/postgres|select * from "public"."users" where 1=0|select * from "public"."users" where 1=0
1737321440276|1|statement|connection 0|url jdbc:p6spy:postgresql://localhost:5432/postgres|select * from "public"."roles" where 1=0|select * from "public"."roles" where 1=0
1737321461871|1|statement|connection 0|url jdbc:p6spy:postgresql://localhost:5432/postgres|select u1_0.id,u1_0.is_active,u1_0.created,u1_0.first_name,u1_0.image_url,u1_0.last_name,u1_0.modified,u1_0.password,u1_0.role_id,u1_0.username from users u1_0 where u1_0.username=?|select u1_0.id,u1_0.is_active,u1_0.created,u1_0.first_name,u1_0.image_url,u1_0.last_name,u1_0.modified,u1_0.password,u1_0.role_id,u1_0.username from users u1_0 where u1_0.username='abdul1'
1737321461898|0|statement|connection 0|url jdbc:p6spy:postgresql://localhost:5432/postgres|select r1_0.id,r1_0.name from roles r1_0 where r1_0.id=?|select r1_0.id,r1_0.name from roles r1_0 where r1_0.id=1
1737321465957|2|statement|connection 0|url jdbc:p6spy:postgresql://localhost:5432/postgres|select b1_0.id,b1_0.created,b1_0.modified,b1_0.name from brands b1_0|select b1_0.id,b1_0.created,b1_0.modified,b1_0.name from brands b1_0
1737321465960|0|commit|connection 0|url jdbc:p6spy:postgresql://localhost:5432/postgres||
1737324530175|8|statement|connection 10|url jdbc:p6spy:postgresql://localhost:5432/postgres|select u1_0.id,u1_0.is_active,u1_0.created,u1_0.first_name,u1_0.image_url,u1_0.last_name,u1_0.modified,u1_0.password,u1_0.role_id,u1_0.username from users u1_0 where u1_0.username=?|select u1_0.id,u1_0.is_active,u1_0.created,u1_0.first_name,u1_0.image_url,u1_0.last_name,u1_0.modified,u1_0.password,u1_0.role_id,u1_0.username from users u1_0 where u1_0.username='abdul1'
1737324530179|2|statement|connection 10|url jdbc:p6spy:postgresql://localhost:5432/postgres|select r1_0.id,r1_0.name from roles r1_0 where r1_0.id=?|select r1_0.id,r1_0.name from roles r1_0 where r1_0.id=1
1737324530314|2|statement|connection 10|url jdbc:p6spy:postgresql://localhost:5432/postgres|select b1_0.name from brands b1_0|select b1_0.name from brands b1_0
